<?xml version="1.0" encoding="UTF-8"?>
<coverage generated="1723554033663" clover="3.2.0">
  <project timestamp="1723554033663" name="All files">
    <metrics statements="54" coveredstatements="19" conditionals="14" coveredconditionals="3" methods="25" coveredmethods="9" elements="93" coveredelements="31" complexity="0" loc="54" ncloc="54" packages="3" files="3" classes="3"/>
    <package name="components.Login">
      <metrics statements="10" coveredstatements="9" conditionals="4" coveredconditionals="2" methods="5" coveredmethods="4"/>
      <file name="LoginComponent.jsx" path="C:\Users\R\Downloads\Telegram Desktop\Client-side\Client-side\src\components\Login\LoginComponent.jsx">
        <metrics statements="10" coveredstatements="9" conditionals="4" coveredconditionals="2" methods="5" coveredmethods="4"/>
        <line num="8" count="1" type="stmt"/>
        <line num="9" count="24" type="stmt"/>
        <line num="10" count="23" type="stmt"/>
        <line num="11" count="23" type="stmt"/>
        <line num="13" count="23" type="stmt"/>
        <line num="14" count="1" type="stmt"/>
        <line num="17" count="23" type="stmt"/>
        <line num="44" count="14" type="stmt"/>
        <line num="63" count="8" type="stmt"/>
        <line num="87" count="0" type="stmt"/>
      </file>
    </package>
    <package name="components.Register">
      <metrics statements="12" coveredstatements="10" conditionals="2" coveredconditionals="1" methods="7" coveredmethods="5"/>
      <file name="RegisterComponent.jsx" path="C:\Users\R\Downloads\Telegram Desktop\Client-side\Client-side\src\components\Register\RegisterComponent.jsx">
        <metrics statements="12" coveredstatements="10" conditionals="2" coveredconditionals="1" methods="7" coveredmethods="5"/>
        <line num="9" count="1" type="stmt"/>
        <line num="10" count="39" type="stmt"/>
        <line num="11" count="38" type="stmt"/>
        <line num="12" count="38" type="stmt"/>
        <line num="14" count="38" type="stmt"/>
        <line num="15" count="1" type="stmt"/>
        <line num="18" count="38" type="stmt"/>
        <line num="45" count="14" type="stmt"/>
        <line num="62" count="15" type="stmt"/>
        <line num="80" count="8" type="stmt"/>
        <line num="89" count="0" type="stmt"/>
        <line num="113" count="0" type="stmt"/>
      </file>
    </package>
    <package name="pages">
      <metrics statements="32" coveredstatements="0" conditionals="8" coveredconditionals="0" methods="13" coveredmethods="0"/>
      <file name="CategoriesPage.jsx" path="C:\Users\R\Downloads\Telegram Desktop\Client-side\Client-side\src\pages\CategoriesPage.jsx">
        <metrics statements="32" coveredstatements="0" conditionals="8" coveredconditionals="0" methods="13" coveredmethods="0"/>
        <line num="7" count="0" type="stmt"/>
        <line num="8" count="0" type="stmt"/>
        <line num="9" count="0" type="stmt"/>
        <line num="10" count="0" type="stmt"/>
        <line num="12" count="0" type="stmt"/>
        <line num="13" count="0" type="stmt"/>
        <line num="16" count="0" type="stmt"/>
        <line num="17" count="0" type="stmt"/>
        <line num="18" count="0" type="stmt"/>
        <line num="22" count="0" type="stmt"/>
        <line num="23" count="0" type="stmt"/>
        <line num="24" count="0" type="stmt"/>
        <line num="28" count="0" type="stmt"/>
        <line num="29" count="0" type="stmt"/>
        <line num="30" count="0" type="stmt"/>
        <line num="36" count="0" type="stmt"/>
        <line num="37" count="0" type="stmt"/>
        <line num="38" count="0" type="cond" truecount="0" falsecount="2"/>
        <line num="39" count="0" type="stmt"/>
        <line num="41" count="0" type="stmt"/>
        <line num="43" count="0" type="stmt"/>
        <line num="45" count="0" type="stmt"/>
        <line num="49" count="0" type="stmt"/>
        <line num="50" count="0" type="stmt"/>
        <line num="53" count="0" type="stmt"/>
        <line num="54" count="0" type="stmt"/>
        <line num="55" count="0" type="stmt"/>
        <line num="57" count="0" type="stmt"/>
        <line num="61" count="0" type="cond" truecount="0" falsecount="2"/>
        <line num="62" count="0" type="cond" truecount="0" falsecount="2"/>
        <line num="64" count="0" type="stmt"/>
        <line num="98" count="0" type="stmt"/>
      </file>
    </package>
  </project>
</coverage>
