{"C:\\Users\\R\\Downloads\\Telegram Desktop\\Client-side\\Client-side\\src\\components\\Login\\LoginComponent.jsx": {"path":"C:\\Users\\R\\Downloads\\Telegram Desktop\\Client-side\\Client-side\\src\\components\\Login\\LoginComponent.jsx","statementMap":{"0":{"start":{"line":8,"column":23},"end":{"line":98,"column":1}},"1":{"start":{"line":9,"column":19},"end":{"line":9,"column":32}},"2":{"start":{"line":10,"column":40},"end":{"line":10,"column":77}},"3":{"start":{"line":11,"column":36},"end":{"line":11,"column":59}},"4":{"start":{"line":13,"column":23},"end":{"line":15,"column":3}},"5":{"start":{"line":14,"column":4},"end":{"line":14,"column":23}},"6":{"start":{"line":17,"column":2},"end":{"line":97,"column":4}},"7":{"start":{"line":44,"column":22},"end":{"line":44,"column":79}},"8":{"start":{"line":63,"column":22},"end":{"line":63,"column":82}},"9":{"start":{"line":87,"column":31},"end":{"line":87,"column":52}}},"fnMap":{"0":{"name":"(anonymous_0)","decl":{"start":{"line":8,"column":23},"end":{"line":8,"column":24}},"loc":{"start":{"line":8,"column":29},"end":{"line":98,"column":1}},"line":8},"1":{"name":"(anonymous_1)","decl":{"start":{"line":13,"column":23},"end":{"line":13,"column":24}},"loc":{"start":{"line":13,"column":29},"end":{"line":15,"column":3}},"line":13},"2":{"name":"(anonymous_2)","decl":{"start":{"line":43,"column":30},"end":{"line":43,"column":31}},"loc":{"start":{"line":44,"column":22},"end":{"line":44,"column":79}},"line":44},"3":{"name":"(anonymous_3)","decl":{"start":{"line":62,"column":30},"end":{"line":62,"column":31}},"loc":{"start":{"line":63,"column":22},"end":{"line":63,"column":82}},"line":63},"4":{"name":"(anonymous_4)","decl":{"start":{"line":87,"column":25},"end":{"line":87,"column":26}},"loc":{"start":{"line":87,"column":31},"end":{"line":87,"column":52}},"line":87}},"branchMap":{"0":{"loc":{"start":{"line":68,"column":15},"end":{"line":72,"column":15}},"type":"binary-expr","locations":[{"start":{"line":68,"column":15},"end":{"line":68,"column":20}},{"start":{"line":69,"column":16},"end":{"line":71,"column":22}}],"line":68},"1":{"loc":{"start":{"line":79,"column":19},"end":{"line":79,"column":59}},"type":"cond-expr","locations":[{"start":{"line":79,"column":29},"end":{"line":79,"column":47}},{"start":{"line":79,"column":50},"end":{"line":79,"column":59}}],"line":79}},"s":{"0":1,"1":24,"2":23,"3":23,"4":23,"5":1,"6":23,"7":14,"8":8,"9":0},"f":{"0":24,"1":1,"2":14,"3":8,"4":0},"b":{"0":[23,0],"1":[0,23]},"_coverageSchema":"1a1c01bbd47fc00a2c39e90264f33305004495a9","hash":"76097e1b8b4f3746aa5347ac74e86958353a750d"}
,"C:\\Users\\R\\Downloads\\Telegram Desktop\\Client-side\\Client-side\\src\\components\\Register\\RegisterComponent.jsx": {"path":"C:\\Users\\R\\Downloads\\Telegram Desktop\\Client-side\\Client-side\\src\\components\\Register\\RegisterComponent.jsx","statementMap":{"0":{"start":{"line":9,"column":23},"end":{"line":124,"column":1}},"1":{"start":{"line":10,"column":19},"end":{"line":10,"column":32}},"2":{"start":{"line":11,"column":40},"end":{"line":11,"column":107}},"3":{"start":{"line":12,"column":30},"end":{"line":12,"column":53}},"4":{"start":{"line":14,"column":23},"end":{"line":16,"column":3}},"5":{"start":{"line":15,"column":4},"end":{"line":15,"column":26}},"6":{"start":{"line":18,"column":2},"end":{"line":123,"column":4}},"7":{"start":{"line":45,"column":37},"end":{"line":45,"column":97}},"8":{"start":{"line":62,"column":37},"end":{"line":62,"column":94}},"9":{"start":{"line":80,"column":22},"end":{"line":80,"column":82}},"10":{"start":{"line":89,"column":35},"end":{"line":89,"column":91}},"11":{"start":{"line":113,"column":31},"end":{"line":113,"column":49}}},"fnMap":{"0":{"name":"(anonymous_0)","decl":{"start":{"line":9,"column":23},"end":{"line":9,"column":24}},"loc":{"start":{"line":9,"column":29},"end":{"line":124,"column":1}},"line":9},"1":{"name":"(anonymous_1)","decl":{"start":{"line":14,"column":23},"end":{"line":14,"column":24}},"loc":{"start":{"line":14,"column":29},"end":{"line":16,"column":3}},"line":14},"2":{"name":"(anonymous_2)","decl":{"start":{"line":45,"column":30},"end":{"line":45,"column":31}},"loc":{"start":{"line":45,"column":37},"end":{"line":45,"column":97}},"line":45},"3":{"name":"(anonymous_3)","decl":{"start":{"line":62,"column":30},"end":{"line":62,"column":31}},"loc":{"start":{"line":62,"column":37},"end":{"line":62,"column":94}},"line":62},"4":{"name":"(anonymous_4)","decl":{"start":{"line":79,"column":30},"end":{"line":79,"column":31}},"loc":{"start":{"line":80,"column":22},"end":{"line":80,"column":82}},"line":80},"5":{"name":"(anonymous_5)","decl":{"start":{"line":89,"column":28},"end":{"line":89,"column":29}},"loc":{"start":{"line":89,"column":35},"end":{"line":89,"column":91}},"line":89},"6":{"name":"(anonymous_6)","decl":{"start":{"line":113,"column":25},"end":{"line":113,"column":26}},"loc":{"start":{"line":113,"column":31},"end":{"line":113,"column":49}},"line":113}},"branchMap":{"0":{"loc":{"start":{"line":95,"column":15},"end":{"line":99,"column":15}},"type":"binary-expr","locations":[{"start":{"line":95,"column":15},"end":{"line":95,"column":20}},{"start":{"line":96,"column":16},"end":{"line":98,"column":22}}],"line":95}},"s":{"0":1,"1":39,"2":38,"3":38,"4":38,"5":1,"6":38,"7":14,"8":15,"9":8,"10":0,"11":0},"f":{"0":39,"1":1,"2":14,"3":15,"4":8,"5":0,"6":0},"b":{"0":[38,0]},"_coverageSchema":"1a1c01bbd47fc00a2c39e90264f33305004495a9","hash":"35a18559dba5dfc6f486f7ad855fb324b271a2a3"}
,"C:\\Users\\R\\Downloads\\Telegram Desktop\\Client-side\\Client-side\\src\\pages\\CategoriesPage.jsx": {"path":"C:\\Users\\R\\Downloads\\Telegram Desktop\\Client-side\\Client-side\\src\\pages\\CategoriesPage.jsx","statementMap":{"0":{"start":{"line":7,"column":23},"end":{"line":116,"column":1}},"1":{"start":{"line":8,"column":103},"end":{"line":8,"column":126}},"2":{"start":{"line":9,"column":38},"end":{"line":9,"column":50}},"3":{"start":{"line":10,"column":17},"end":{"line":10,"column":31}},"4":{"start":{"line":12,"column":2},"end":{"line":14,"column":24}},"5":{"start":{"line":13,"column":4},"end":{"line":13,"column":22}},"6":{"start":{"line":16,"column":29},"end":{"line":20,"column":30}},"7":{"start":{"line":17,"column":4},"end":{"line":19,"column":6}},"8":{"start":{"line":18,"column":6},"end":{"line":18,"column":69}},"9":{"start":{"line":22,"column":18},"end":{"line":34,"column":3}},"10":{"start":{"line":23,"column":35},"end":{"line":23,"column":41}},"11":{"start":{"line":24,"column":37},"end":{"line":24,"column":45}},"12":{"start":{"line":28,"column":8},"end":{"line":31,"column":14}},"13":{"start":{"line":29,"column":33},"end":{"line":29,"column":48}},"14":{"start":{"line":30,"column":33},"end":{"line":30,"column":53}},"15":{"start":{"line":36,"column":23},"end":{"line":47,"column":3}},"16":{"start":{"line":37,"column":4},"end":{"line":46,"column":5}},"17":{"start":{"line":38,"column":6},"end":{"line":42,"column":7}},"18":{"start":{"line":39,"column":8},"end":{"line":39,"column":63}},"19":{"start":{"line":41,"column":8},"end":{"line":41,"column":49}},"20":{"start":{"line":43,"column":6},"end":{"line":43,"column":25}},"21":{"start":{"line":45,"column":6},"end":{"line":45,"column":55}},"22":{"start":{"line":49,"column":21},"end":{"line":51,"column":3}},"23":{"start":{"line":50,"column":4},"end":{"line":50,"column":66}},"24":{"start":{"line":53,"column":23},"end":{"line":59,"column":3}},"25":{"start":{"line":54,"column":4},"end":{"line":58,"column":5}},"26":{"start":{"line":55,"column":6},"end":{"line":55,"column":31}},"27":{"start":{"line":57,"column":6},"end":{"line":57,"column":55}},"28":{"start":{"line":61,"column":2},"end":{"line":61,"column":80}},"29":{"start":{"line":61,"column":15},"end":{"line":61,"column":80}},"30":{"start":{"line":62,"column":2},"end":{"line":62,"column":99}},"31":{"start":{"line":62,"column":13},"end":{"line":62,"column":99}},"32":{"start":{"line":64,"column":2},"end":{"line":115,"column":4}},"33":{"start":{"line":98,"column":35},"end":{"line":98,"column":64}}},"fnMap":{"0":{"name":"(anonymous_0)","decl":{"start":{"line":7,"column":23},"end":{"line":7,"column":24}},"loc":{"start":{"line":7,"column":29},"end":{"line":116,"column":1}},"line":7},"1":{"name":"(anonymous_1)","decl":{"start":{"line":12,"column":12},"end":{"line":12,"column":13}},"loc":{"start":{"line":12,"column":18},"end":{"line":14,"column":3}},"line":12},"2":{"name":"(anonymous_2)","decl":{"start":{"line":16,"column":37},"end":{"line":16,"column":38}},"loc":{"start":{"line":16,"column":43},"end":{"line":20,"column":3}},"line":16},"3":{"name":"(anonymous_3)","decl":{"start":{"line":17,"column":29},"end":{"line":17,"column":30}},"loc":{"start":{"line":18,"column":6},"end":{"line":18,"column":69}},"line":18},"4":{"name":"(anonymous_4)","decl":{"start":{"line":23,"column":28},"end":{"line":23,"column":29}},"loc":{"start":{"line":23,"column":35},"end":{"line":23,"column":41}},"line":23},"5":{"name":"(anonymous_5)","decl":{"start":{"line":24,"column":30},"end":{"line":24,"column":31}},"loc":{"start":{"line":24,"column":37},"end":{"line":24,"column":45}},"line":24},"6":{"name":"(anonymous_6)","decl":{"start":{"line":27,"column":12},"end":{"line":27,"column":13}},"loc":{"start":{"line":28,"column":8},"end":{"line":31,"column":14}},"line":28},"7":{"name":"(anonymous_7)","decl":{"start":{"line":29,"column":27},"end":{"line":29,"column":28}},"loc":{"start":{"line":29,"column":33},"end":{"line":29,"column":48}},"line":29},"8":{"name":"(anonymous_8)","decl":{"start":{"line":30,"column":27},"end":{"line":30,"column":28}},"loc":{"start":{"line":30,"column":33},"end":{"line":30,"column":53}},"line":30},"9":{"name":"(anonymous_9)","decl":{"start":{"line":36,"column":23},"end":{"line":36,"column":24}},"loc":{"start":{"line":36,"column":41},"end":{"line":47,"column":3}},"line":36},"10":{"name":"(anonymous_10)","decl":{"start":{"line":49,"column":21},"end":{"line":49,"column":22}},"loc":{"start":{"line":49,"column":35},"end":{"line":51,"column":3}},"line":49},"11":{"name":"(anonymous_11)","decl":{"start":{"line":53,"column":23},"end":{"line":53,"column":24}},"loc":{"start":{"line":53,"column":37},"end":{"line":59,"column":3}},"line":53},"12":{"name":"(anonymous_12)","decl":{"start":{"line":98,"column":30},"end":{"line":98,"column":31}},"loc":{"start":{"line":98,"column":35},"end":{"line":98,"column":64}},"line":98}},"branchMap":{"0":{"loc":{"start":{"line":38,"column":6},"end":{"line":42,"column":7}},"type":"if","locations":[{"start":{"line":38,"column":6},"end":{"line":42,"column":7}},{"start":{"line":40,"column":13},"end":{"line":42,"column":7}}],"line":38},"1":{"loc":{"start":{"line":61,"column":2},"end":{"line":61,"column":80}},"type":"if","locations":[{"start":{"line":61,"column":2},"end":{"line":61,"column":80}},{"start":{},"end":{}}],"line":61},"2":{"loc":{"start":{"line":62,"column":2},"end":{"line":62,"column":99}},"type":"if","locations":[{"start":{"line":62,"column":2},"end":{"line":62,"column":99}},{"start":{},"end":{}}],"line":62},"3":{"loc":{"start":{"line":85,"column":23},"end":{"line":85,"column":84}},"type":"cond-expr","locations":[{"start":{"line":85,"column":50},"end":{"line":85,"column":67}},{"start":{"line":85,"column":70},"end":{"line":85,"column":84}}],"line":85}},"s":{"0":0,"1":0,"2":0,"3":0,"4":0,"5":0,"6":0,"7":0,"8":0,"9":0,"10":0,"11":0,"12":0,"13":0,"14":0,"15":0,"16":0,"17":0,"18":0,"19":0,"20":0,"21":0,"22":0,"23":0,"24":0,"25":0,"26":0,"27":0,"28":0,"29":0,"30":0,"31":0,"32":0,"33":0},"f":{"0":0,"1":0,"2":0,"3":0,"4":0,"5":0,"6":0,"7":0,"8":0,"9":0,"10":0,"11":0,"12":0},"b":{"0":[0,0],"1":[0,0],"2":[0,0],"3":[0,0]}}
}
