TN:
SF:src\components\Login\LoginComponent.jsx
FN:8,(anonymous_0)
FN:13,(anonymous_1)
FN:43,(anonymous_2)
FN:62,(anonymous_3)
FN:87,(anonymous_4)
FNF:5
FNH:4
FNDA:24,(anonymous_0)
FNDA:1,(anonymous_1)
FNDA:14,(anonymous_2)
FNDA:8,(anonymous_3)
FNDA:0,(anonymous_4)
DA:8,1
DA:9,24
DA:10,23
DA:11,23
DA:13,23
DA:14,1
DA:17,23
DA:44,14
DA:63,8
DA:87,0
LF:10
LH:9
BRDA:68,0,0,23
BRDA:68,0,1,0
BRDA:79,1,0,0
BRDA:79,1,1,23
BRF:4
BRH:2
end_of_record
TN:
SF:src\components\Register\RegisterComponent.jsx
FN:9,(anonymous_0)
FN:14,(anonymous_1)
FN:45,(anonymous_2)
FN:62,(anonymous_3)
FN:79,(anonymous_4)
FN:89,(anonymous_5)
FN:113,(anonymous_6)
FNF:7
FNH:5
FNDA:39,(anonymous_0)
FNDA:1,(anonymous_1)
FNDA:14,(anonymous_2)
FNDA:15,(anonymous_3)
FNDA:8,(anonymous_4)
FNDA:0,(anonymous_5)
FNDA:0,(anonymous_6)
DA:9,1
DA:10,39
DA:11,38
DA:12,38
DA:14,38
DA:15,1
DA:18,38
DA:45,14
DA:62,15
DA:80,8
DA:89,0
DA:113,0
LF:12
LH:10
BRDA:95,0,0,38
BRDA:95,0,1,0
BRF:2
BRH:1
end_of_record
TN:
SF:src\pages\CategoriesPage.jsx
FN:7,(anonymous_0)
FN:12,(anonymous_1)
FN:16,(anonymous_2)
FN:17,(anonymous_3)
FN:23,(anonymous_4)
FN:24,(anonymous_5)
FN:27,(anonymous_6)
FN:29,(anonymous_7)
FN:30,(anonymous_8)
FN:36,(anonymous_9)
FN:49,(anonymous_10)
FN:53,(anonymous_11)
FN:98,(anonymous_12)
FNF:13
FNH:0
FNDA:0,(anonymous_0)
FNDA:0,(anonymous_1)
FNDA:0,(anonymous_2)
FNDA:0,(anonymous_3)
FNDA:0,(anonymous_4)
FNDA:0,(anonymous_5)
FNDA:0,(anonymous_6)
FNDA:0,(anonymous_7)
FNDA:0,(anonymous_8)
FNDA:0,(anonymous_9)
FNDA:0,(anonymous_10)
FNDA:0,(anonymous_11)
FNDA:0,(anonymous_12)
DA:7,0
DA:8,0
DA:9,0
DA:10,0
DA:12,0
DA:13,0
DA:16,0
DA:17,0
DA:18,0
DA:22,0
DA:23,0
DA:24,0
DA:28,0
DA:29,0
DA:30,0
DA:36,0
DA:37,0
DA:38,0
DA:39,0
DA:41,0
DA:43,0
DA:45,0
DA:49,0
DA:50,0
DA:53,0
DA:54,0
DA:55,0
DA:57,0
DA:61,0
DA:62,0
DA:64,0
DA:98,0
LF:32
LH:0
BRDA:38,0,0,0
BRDA:38,0,1,0
BRDA:61,1,0,0
BRDA:61,1,1,0
BRDA:62,2,0,0
BRDA:62,2,1,0
BRDA:85,3,0,0
BRDA:85,3,1,0
BRF:8
BRH:0
end_of_record
